<?xml version="1.0"?>
<!--Phoronix Test Suite v10.8.4-->
<PhoronixTestSuite>
  <TestInformation>
    <Title>iGPU Transcode Benchmark</Title>
    <AppVersion>6.0</AppVersion>
    <Description>Using FFmpeg, test iGPU transcode performance and supported features</Description>
    <ResultScale>asdf</ResultScale>
    <Proportion>HIB</Proportion>
    <SubTitle>sub_title</SubTitle>
    <Executable>executable</Executable>
    <TimesToRun>1</TimesToRun>
  </TestInformation>
  <TestProfile>
    <Version>1.0.0</Version>
    <SupportedPlatforms></SupportedPlatforms>
    <SoftwareType>Benchmark</SoftwareType>
    <TestType>Graphics</TestType>
    <License>Free</License>
    <Status>Experimental</Status>
    <SupportedArchitectures>x86_64</SupportedArchitectures>
    <ExternalDependencies>vaapi</ExternalDependencies>
    <EnvironmentSize>123</EnvironmentSize>
    <ProjectURL>link</ProjectURL>
    <RepositoryURL>link</RepositoryURL>
    <Maintainer>jhollowe</Maintainer>
    <SystemDependencies></SystemDependencies>
  </TestProfile>
  <TestSettings>
    <Default>
      <Arguments></Arguments>
      <PostArguments></PostArguments>
    </Default>
    <Option>
      <DisplayName></DisplayName>
      <Identifier></Identifier>
      <ArgumentPrefix></ArgumentPrefix>
      <ArgumentPostfix></ArgumentPostfix>
      <DefaultEntry></DefaultEntry>
      <Message></Message>
      <Menu>
        <Entry>
          <Name></Name>
          <Value></Value>
          <Message></Message>
        </Entry>
      </Menu>
    </Option>
  </TestSettings>
</PhoronixTestSuite>
